C:\Users\ei09063\Downloads\Trab1_a_Inicial\Trab1_a_Inicial\Debug\cl.command.1.tlog
C:\Users\ei09063\Downloads\Trab1_a_Inicial\Trab1_a_Inicial\Debug\CL.read.1.tlog
C:\Users\ei09063\Downloads\Trab1_a_Inicial\Trab1_a_Inicial\Debug\CL.write.1.tlog
C:\USERS\EI09063\DOWNLOADS\TRAB1_A_INICIAL\TRAB1_A_INICIAL\DEBUG\GEN.OBJ
C:\Users\ei09063\Downloads\Trab1_a_Inicial\Trab1_a_Inicial\Debug\link.1100.read.1.tlog
C:\Users\ei09063\Downloads\Trab1_a_Inicial\Trab1_a_Inicial\Debug\link.1100.write.1.tlog
C:\Users\ei09063\Downloads\Trab1_a_Inicial\Trab1_a_Inicial\Debug\link.1100-cvtres.read.1.tlog
C:\Users\ei09063\Downloads\Trab1_a_Inicial\Trab1_a_Inicial\Debug\link.1100-cvtres.write.1.tlog
C:\Users\ei09063\Downloads\Trab1_a_Inicial\Trab1_a_Inicial\Debug\link.216.read.1.tlog
C:\Users\ei09063\Downloads\Trab1_a_Inicial\Trab1_a_Inicial\Debug\link.216.write.1.tlog
C:\Users\ei09063\Downloads\Trab1_a_Inicial\Trab1_a_Inicial\Debug\link.216-cvtres.read.1.tlog
C:\Users\ei09063\Downloads\Trab1_a_Inicial\Trab1_a_Inicial\Debug\link.216-cvtres.write.1.tlog
C:\Users\ei09063\Downloads\Trab1_a_Inicial\Trab1_a_Inicial\Debug\link.7096.read.1.tlog
C:\Users\ei09063\Downloads\Trab1_a_Inicial\Trab1_a_Inicial\Debug\link.7096.write.1.tlog
C:\Users\ei09063\Downloads\Trab1_a_Inicial\Trab1_a_Inicial\Debug\link.7096-cvtres.read.1.tlog
C:\Users\ei09063\Downloads\Trab1_a_Inicial\Trab1_a_Inicial\Debug\link.7096-cvtres.write.1.tlog
C:\Users\ei09063\Downloads\Trab1_a_Inicial\Trab1_a_Inicial\Debug\link.command.1.tlog
C:\Users\ei09063\Downloads\Trab1_a_Inicial\Trab1_a_Inicial\Debug\link.read.1.tlog
C:\Users\ei09063\Downloads\Trab1_a_Inicial\Trab1_a_Inicial\Debug\link.write.1.tlog
C:\Users\ei09063\Downloads\Trab1_a_Inicial\Trab1_a_Inicial\Debug\link-cvtres.read.1.tlog
C:\Users\ei09063\Downloads\Trab1_a_Inicial\Trab1_a_Inicial\Debug\link-cvtres.write.1.tlog
C:\USERS\EI09063\DOWNLOADS\TRAB1_A_INICIAL\TRAB1_A_INICIAL\DEBUG\MAINCODE.OBJ
C:\Users\ei09063\Downloads\Trab1_a_Inicial\Trab1_a_Inicial\Debug\mt.command.1.tlog
C:\Users\ei09063\Downloads\Trab1_a_Inicial\Trab1_a_Inicial\Debug\mt.read.1.tlog
C:\Users\ei09063\Downloads\Trab1_a_Inicial\Trab1_a_Inicial\Debug\mt.write.1.tlog
C:\USERS\EI09063\DOWNLOADS\TRAB1_A_INICIAL\TRAB1_A_INICIAL\DEBUG\PAPERSHEET.OBJ
C:\USERS\EI09063\DOWNLOADS\TRAB1_A_INICIAL\TRAB1_A_INICIAL\DEBUG\PRINTER.OBJ
C:\Users\ei09063\Downloads\Trab1_a_Inicial\Trab1_a_Inicial\Debug\rc.command.1.tlog
C:\Users\ei09063\Downloads\Trab1_a_Inicial\Trab1_a_Inicial\Debug\rc.read.1.tlog
C:\Users\ei09063\Downloads\Trab1_a_Inicial\Trab1_a_Inicial\Debug\rc.write.1.tlog
C:\USERS\EI09063\DOWNLOADS\TRAB1_A_INICIAL\TRAB1_A_INICIAL\DEBUG\RGBPIXMAP.OBJ
C:\USERS\EI09063\DOWNLOADS\TRAB1_A_INICIAL\TRAB1_A_INICIAL\DEBUG\ROBOT.OBJ
C:\USERS\EI09063\DOWNLOADS\TRAB1_A_INICIAL\TRAB1_A_INICIAL\DEBUG\ROOM.OBJ
C:\USERS\EI09063\DOWNLOADS\TRAB1_A_INICIAL\TRAB1_A_INICIAL\DEBUG\TRAB1_A_INICIAL.EXE.EMBED.MANIFEST
C:\USERS\EI09063\DOWNLOADS\TRAB1_A_INICIAL\TRAB1_A_INICIAL\DEBUG\TRAB1_A_INICIAL.EXE.EMBED.MANIFEST.RES
C:\Users\ei09063\Downloads\Trab1_a_Inicial\Trab1_a_Inicial\Debug\Trab1_a_Inicial.exe.intermediate.manifest
C:\Users\ei09063\Downloads\Trab1_a_Inicial\Trab1_a_Inicial\Debug\Trab1_a_Inicial.pdb
C:\USERS\EI09063\DOWNLOADS\TRAB1_A_INICIAL\TRAB1_A_INICIAL\DEBUG\TRAB1_A_INICIAL.RES
C:\Users\ei09063\Downloads\Trab1_a_Inicial\Trab1_a_Inicial\Debug\Trab1_a_Inicial_manifest.rc
C:\Users\ei09063\Downloads\Trab1_a_Inicial\Trab1_a_Inicial\Debug\vc100.idb
C:\USERS\EI09063\DOWNLOADS\TRAB1_A_INICIAL\TRAB1_A_INICIAL\DEBUG\VC100.PDB
